<?xml version="1.0" encoding="UTF-8"?>
<testsuites name="jest tests" tests="9" failures="0" time="1.95">
  <testsuite name="PermissionScope" errors="0" failures="0" skipped="0" timestamp="2019-03-05T22:45:26" time="0.885" tests="1">
    <testcase classname="PermissionScope deve ordinare correttamente gli Scope" name="PermissionScope deve ordinare correttamente gli Scope" time="0.004">
    </testcase>
  </testsuite>
  <testsuite name="Component" errors="0" failures="0" skipped="0" timestamp="2019-03-05T22:45:26" time="0.893" tests="1">
    <testcase classname="Component il componente deve esistere" name="Component il componente deve esistere" time="0.003">
    </testcase>
  </testsuite>
  <testsuite name="AuthorizationEnsure" errors="0" failures="0" skipped="0" timestamp="2019-03-05T22:45:26" time="1.039" tests="4">
    <testcase classname="AuthorizationEnsure riconoscimento dei permessi deve garantire un permesso `any`" name="AuthorizationEnsure riconoscimento dei permessi deve garantire un permesso `any`" time="0.004">
    </testcase>
    <testcase classname="AuthorizationEnsure riconoscimento dei permessi deve rifituare un permesso `own` se non è fornito l&apos;owner" name="AuthorizationEnsure riconoscimento dei permessi deve rifituare un permesso `own` se non è fornito l&apos;owner" time="0.001">
    </testcase>
    <testcase classname="AuthorizationEnsure riconoscimento dei permessi deve garantire un permesso `own` se l&apos;owner della risorsa è l&apos;utente" name="AuthorizationEnsure riconoscimento dei permessi deve garantire un permesso `own` se l&apos;owner della risorsa è l&apos;utente" time="0">
    </testcase>
    <testcase classname="AuthorizationEnsure riconoscimento dei permessi deve rifiutare un permesso `own` se l&apos;owner è differente" name="AuthorizationEnsure riconoscimento dei permessi deve rifiutare un permesso `own` se l&apos;owner è differente" time="0">
    </testcase>
  </testsuite>
  <testsuite name="ScopedPermission" errors="0" failures="0" skipped="0" timestamp="2019-03-05T22:45:26" time="1.038" tests="3">
    <testcase classname="ScopedPermission deve riconoscere uno `scope` non valido" name="ScopedPermission deve riconoscere uno `scope` non valido" time="0.006">
    </testcase>
    <testcase classname="ScopedPermission deve riconoscere uno `scope` valido" name="ScopedPermission deve riconoscere uno `scope` valido" time="0.001">
    </testcase>
    <testcase classname="ScopedPermission deve codificare correttamente" name="ScopedPermission deve codificare correttamente" time="0.001">
    </testcase>
  </testsuite>
</testsuites>