<?xml version="1.0" encoding="UTF-8"?>
<testsuites name="jest tests" tests="10" failures="0" time="2.768">
  <testsuite name="Component" errors="0" failures="0" skipped="0" timestamp="2019-02-22T16:40:51" time="0.666" tests="1">
    <testcase classname="Component il componente deve esistere" name="Component il componente deve esistere" time="0.005">
    </testcase>
  </testsuite>
  <testsuite name="PermissionScope" errors="0" failures="0" skipped="0" timestamp="2019-02-22T16:40:51" time="0.672" tests="1">
    <testcase classname="PermissionScope deve ordinare correttamente gli Scope" name="PermissionScope deve ordinare correttamente gli Scope" time="0.005">
    </testcase>
  </testsuite>
  <testsuite name="ScopedPermission" errors="0" failures="0" skipped="0" timestamp="2019-02-22T16:40:51" time="0.731" tests="3">
    <testcase classname="ScopedPermission deve riconoscere uno `scope` non valido" name="ScopedPermission deve riconoscere uno `scope` non valido" time="0.008">
    </testcase>
    <testcase classname="ScopedPermission deve riconoscere uno `scope` valido" name="ScopedPermission deve riconoscere uno `scope` valido" time="0.001">
    </testcase>
    <testcase classname="ScopedPermission deve codificare correttamente" name="ScopedPermission deve codificare correttamente" time="0.001">
    </testcase>
  </testsuite>
  <testsuite name="AuthorizationEnsure" errors="0" failures="0" skipped="0" timestamp="2019-02-22T16:40:51" time="0.736" tests="4">
    <testcase classname="AuthorizationEnsure riconoscimento dei permessi deve garantire un permesso `any`" name="AuthorizationEnsure riconoscimento dei permessi deve garantire un permesso `any`" time="0.006">
    </testcase>
    <testcase classname="AuthorizationEnsure riconoscimento dei permessi deve rifituare un permesso `own` se non è fornito l&apos;owner" name="AuthorizationEnsure riconoscimento dei permessi deve rifituare un permesso `own` se non è fornito l&apos;owner" time="0.001">
    </testcase>
    <testcase classname="AuthorizationEnsure riconoscimento dei permessi deve garantire un permesso `own` se l&apos;owner della risorsa è l&apos;utente" name="AuthorizationEnsure riconoscimento dei permessi deve garantire un permesso `own` se l&apos;owner della risorsa è l&apos;utente" time="0">
    </testcase>
    <testcase classname="AuthorizationEnsure riconoscimento dei permessi deve rifiutare un permesso `own` se l&apos;owner è differente" name="AuthorizationEnsure riconoscimento dei permessi deve rifiutare un permesso `own` se l&apos;owner è differente" time="0.001">
    </testcase>
  </testsuite>
  <testsuite name="Authorization" errors="0" failures="0" skipped="0" timestamp="2019-02-22T16:40:51" time="0.975" tests="1">
    <testcase classname="Authorization deve chiamare l&apos;autorizzatore" name="Authorization deve chiamare l&apos;autorizzatore" time="0.007">
    </testcase>
  </testsuite>
</testsuites>